{
  "RSpec": {
    "coverage": {
      "/Users/vinodpatidar/rspec/app/helpers/application_helper.rb": {
        "lines": [
          1,
          null
        ]
      },
      "/Users/vinodpatidar/rspec/app/models/user_profile.rb": {
        "lines": [
          1,
          1,
          1
        ]
      },
      "/Users/vinodpatidar/rspec/app/models/application_record.rb": {
        "lines": [
          1,
          1,
          null
        ]
      },
      "/Users/vinodpatidar/rspec/app/models/user.rb": {
        "lines": [
          1,
          1,
          1,
          1,
          1,
          1,
          61,
          1,
          null,
          1,
          31,
          null,
          1,
          0,
          0,
          null,
          null,
          null,
          1,
          30,
          3,
          null,
          null,
          null,
          1,
          0,
          null
        ]
      },
      "/Users/vinodpatidar/rspec/app/controllers/api/v1/users_controller.rb": {
        "lines": [
          1,
          1,
          null,
          1,
          1,
          3,
          3,
          3,
          null,
          null,
          1,
          null,
          0,
          null,
          null,
          null,
          1,
          null,
          1,
          1,
          null,
          0,
          null,
          null,
          null,
          1,
          null,
          1,
          1,
          0,
          null,
          1,
          null,
          1,
          null,
          0,
          null,
          null,
          null,
          1,
          null,
          1,
          1,
          0,
          null,
          1,
          1,
          null,
          0,
          null,
          null,
          null,
          1,
          null,
          0,
          0,
          null,
          0,
          null,
          null,
          null,
          1,
          null,
          3,
          null,
          1,
          null,
          null,
          null,
          1,
          null,
          0,
          0,
          null,
          null,
          null,
          1,
          1,
          1,
          null,
          null,
          1,
          1,
          null,
          null,
          1,
          1,
          null
        ]
      },
      "/Users/vinodpatidar/rspec/app/controllers/application_controller.rb": {
        "lines": [
          1,
          1,
          null,
          1,
          null,
          null,
          1,
          null
        ]
      },
      "/Users/vinodpatidar/rspec/app/services/users/create_serialiser.rb": {
        "lines": [
          1,
          1,
          1,
          1,
          null,
          null,
          1,
          1,
          null,
          null,
          1,
          null,
          1,
          1,
          null,
          null
        ]
      },
      "/Users/vinodpatidar/rspec/app/controllers/api/v1/user_profiles_controller.rb": {
        "lines": [
          0,
          0,
          0,
          0,
          0,
          0,
          0,
          0,
          0,
          null,
          0,
          null,
          0,
          0,
          0,
          0
        ],
        "branches": {}
      },
      "/Users/vinodpatidar/rspec/app/jobs/application_job.rb": {
        "lines": [
          0,
          null,
          null,
          null,
          null,
          null,
          0
        ],
        "branches": {}
      },
      "/Users/vinodpatidar/rspec/app/mailers/application_mailer.rb": {
        "lines": [
          0,
          0,
          0,
          0
        ],
        "branches": {}
      }
    },
    "timestamp": 1773460527
  }
}
